<?xml version="1.0" encoding="UTF-8"?>
<testng-results ignored="0" total="5" passed="5" failed="0" skipped="0">
  <reporter-output>
  </reporter-output>
  <suite started-at="2024-04-22T12:39:45 IST" name="Default suite" finished-at="2024-04-22T12:40:24 IST" duration-ms="38972">
    <groups>
    </groups>
    <test started-at="2024-04-22T12:39:45 IST" name="Default test" finished-at="2024-04-22T12:40:24 IST" duration-ms="38972">
      <class name="com.hrm.qa.tests.LoginPageTest">
        <test-method is-config="true" signature="beforeSuite()[pri:0, instance:com.hrm.qa.tests.LoginPageTest@5b218417]" started-at="2024-04-22T12:39:45 IST" name="beforeSuite" finished-at="2024-04-22T12:39:45 IST" duration-ms="213" status="PASS">
          <reporter-output>
          </reporter-output>
        </test-method> <!-- beforeSuite -->
        <test-method is-config="true" signature="setUp()[pri:0, instance:com.hrm.qa.tests.LoginPageTest@5b218417]" started-at="2024-04-22T12:39:45 IST" name="setUp" finished-at="2024-04-22T12:39:50 IST" duration-ms="4697" status="PASS">
          <reporter-output>
          </reporter-output>
        </test-method> <!-- setUp -->
        <test-method signature="loginPageTitleTest()[pri:1, instance:com.hrm.qa.tests.LoginPageTest@5b218417]" started-at="2024-04-22T12:39:50 IST" name="loginPageTitleTest" finished-at="2024-04-22T12:39:50 IST" duration-ms="14" status="PASS">
          <reporter-output>
          </reporter-output>
        </test-method> <!-- loginPageTitleTest -->
        <test-method is-config="true" signature="tearDown()[pri:0, instance:com.hrm.qa.tests.LoginPageTest@5b218417]" started-at="2024-04-22T12:39:50 IST" name="tearDown" finished-at="2024-04-22T12:39:50 IST" duration-ms="116" status="PASS">
          <reporter-output>
          </reporter-output>
        </test-method> <!-- tearDown -->
        <test-method is-config="true" signature="setUp()[pri:0, instance:com.hrm.qa.tests.LoginPageTest@5b218417]" started-at="2024-04-22T12:39:50 IST" name="setUp" finished-at="2024-04-22T12:40:03 IST" duration-ms="12460" status="PASS">
          <reporter-output>
          </reporter-output>
        </test-method> <!-- setUp -->
        <test-method signature="loginpageNameTest()[pri:2, instance:com.hrm.qa.tests.LoginPageTest@5b218417]" started-at="2024-04-22T12:40:03 IST" name="loginpageNameTest" finished-at="2024-04-22T12:40:03 IST" duration-ms="616" status="PASS">
          <reporter-output>
          </reporter-output>
        </test-method> <!-- loginpageNameTest -->
        <test-method is-config="true" signature="tearDown()[pri:0, instance:com.hrm.qa.tests.LoginPageTest@5b218417]" started-at="2024-04-22T12:40:03 IST" name="tearDown" finished-at="2024-04-22T12:40:03 IST" duration-ms="138" status="PASS">
          <reporter-output>
          </reporter-output>
        </test-method> <!-- tearDown -->
        <test-method is-config="true" signature="setUp()[pri:0, instance:com.hrm.qa.tests.LoginPageTest@5b218417]" started-at="2024-04-22T12:40:03 IST" name="setUp" finished-at="2024-04-22T12:40:09 IST" duration-ms="6030" status="PASS">
          <reporter-output>
          </reporter-output>
        </test-method> <!-- setUp -->
        <test-method signature="loginTest()[pri:3, instance:com.hrm.qa.tests.LoginPageTest@5b218417]" started-at="2024-04-22T12:40:09 IST" name="loginTest" finished-at="2024-04-22T12:40:12 IST" duration-ms="2683" status="PASS">
          <reporter-output>
          </reporter-output>
        </test-method> <!-- loginTest -->
        <test-method is-config="true" signature="tearDown()[pri:0, instance:com.hrm.qa.tests.LoginPageTest@5b218417]" started-at="2024-04-22T12:40:12 IST" name="tearDown" finished-at="2024-04-22T12:40:12 IST" duration-ms="157" status="PASS">
          <reporter-output>
          </reporter-output>
        </test-method> <!-- tearDown -->
        <test-method is-config="true" signature="setUp()[pri:0, instance:com.hrm.qa.tests.LoginPageTest@5b218417]" started-at="2024-04-22T12:40:13 IST" name="setUp" finished-at="2024-04-22T12:40:17 IST" duration-ms="3929" status="PASS">
          <reporter-output>
          </reporter-output>
        </test-method> <!-- setUp -->
        <test-method signature="loginTestDataProvider(java.lang.String,java.lang.String)[pri:4, instance:com.hrm.qa.tests.LoginPageTest@5b218417]" started-at="2024-04-22T12:40:17 IST" name="loginTestDataProvider" data-provider="getLoginData" finished-at="2024-04-22T12:40:18 IST" duration-ms="626" status="PASS">
          <params>
            <param index="0">
              <value>
                <![CDATA[Admin]]>
              </value>
            </param>
            <param index="1">
              <value>
                <![CDATA[admin123]]>
              </value>
            </param>
          </params>
          <reporter-output>
          </reporter-output>
        </test-method> <!-- loginTestDataProvider -->
        <test-method is-config="true" signature="tearDown()[pri:0, instance:com.hrm.qa.tests.LoginPageTest@5b218417]" started-at="2024-04-22T12:40:18 IST" name="tearDown" finished-at="2024-04-22T12:40:18 IST" duration-ms="138" status="PASS">
          <reporter-output>
          </reporter-output>
        </test-method> <!-- tearDown -->
        <test-method is-config="true" signature="setUp()[pri:0, instance:com.hrm.qa.tests.LoginPageTest@5b218417]" started-at="2024-04-22T12:40:18 IST" name="setUp" finished-at="2024-04-22T12:40:22 IST" duration-ms="4229" status="PASS">
          <reporter-output>
          </reporter-output>
        </test-method> <!-- setUp -->
        <test-method signature="loginErrorMessageTest()[pri:5, instance:com.hrm.qa.tests.LoginPageTest@5b218417]" started-at="2024-04-22T12:40:22 IST" name="loginErrorMessageTest" finished-at="2024-04-22T12:40:24 IST" duration-ms="2040" status="PASS">
          <reporter-output>
          </reporter-output>
        </test-method> <!-- loginErrorMessageTest -->
        <test-method is-config="true" signature="tearDown()[pri:0, instance:com.hrm.qa.tests.LoginPageTest@5b218417]" started-at="2024-04-22T12:40:24 IST" name="tearDown" finished-at="2024-04-22T12:40:24 IST" duration-ms="107" status="PASS">
          <reporter-output>
          </reporter-output>
        </test-method> <!-- tearDown -->
        <test-method is-config="true" signature="afterSuite()[pri:0, instance:com.hrm.qa.tests.LoginPageTest@5b218417]" started-at="2024-04-22T12:40:24 IST" name="afterSuite" finished-at="2024-04-22T12:40:25 IST" duration-ms="517" status="PASS">
          <reporter-output>
          </reporter-output>
        </test-method> <!-- afterSuite -->
      </class> <!-- com.hrm.qa.tests.LoginPageTest -->
    </test> <!-- Default test -->
  </suite> <!-- Default suite -->
</testng-results>
