<?xml version="1.0" encoding="UTF-8"?>
<!-- Generated by org.testng.reporters.JUnitXMLReporter -->
<testsuite ignored="0" hostname="LAPTOP-UAE9H4V5" failures="0" tests="5" name="Default test" time="38.972" errors="0" timestamp="2024-04-22T12:40:24 IST">
  <testcase classname="com.hrm.qa.tests.LoginPageTest" name="loginPageTitleTest" time="0.014"/>
  <testcase classname="com.hrm.qa.tests.LoginPageTest" name="loginpageNameTest" time="0.616"/>
  <testcase classname="com.hrm.qa.tests.LoginPageTest" name="loginTest" time="2.683"/>
  <testcase classname="com.hrm.qa.tests.LoginPageTest" name="loginTestDataProvider" time="0.626"/>
  <testcase classname="com.hrm.qa.tests.LoginPageTest" name="loginErrorMessageTest" time="2.04"/>
</testsuite> <!-- Default test -->
