<?xml version="1.0" encoding="UTF-8"?>
<!-- Generated by org.testng.reporters.JUnitXMLReporter -->
<testsuite ignored="0" hostname="LAPTOP-UAE9H4V5" failures="0" tests="3" name="docker" time="39.357" errors="0" timestamp="2024-04-19T00:09:38 IST">
  <testcase classname="dockerSuite.EdgeTest" name="fireFoxTest" time="5.345"/>
  <testcase classname="dockerSuite.FireFoxTest" name="fireFoxTest" time="7.541"/>
  <testcase classname="dockerSuite.ChromeTest" name="chromeTest" time="9.205"/>
</testsuite> <!-- docker -->
